[debug] [2024-12-03T15:55:54.529Z] ----------------------------------------------------------------------
[debug] [2024-12-03T15:55:54.533Z] Command:       C:\Program Files\nodejs\node.exe C:\Users\INNA\AppData\Roaming\npm\node_modules\firebase-tools\lib\bin\firebase.js init
[debug] [2024-12-03T15:55:54.533Z] CLI Version:   13.27.0
[debug] [2024-12-03T15:55:54.533Z] Platform:      win32
[debug] [2024-12-03T15:55:54.533Z] Node Version:  v20.9.0
[debug] [2024-12-03T15:55:54.534Z] Time:          Tue Dec 03 2024 17:55:54 GMT+0200 (Восточная Европа, стандартное время)
[debug] [2024-12-03T15:55:54.534Z] ----------------------------------------------------------------------
[debug] 
[debug] [2024-12-03T15:55:54.542Z] > command requires scopes: ["email","openid","https://www.googleapis.com/auth/cloudplatformprojects.readonly","https://www.googleapis.com/auth/firebase","https://www.googleapis.com/auth/cloud-platform"]
[debug] [2024-12-03T15:55:54.543Z] > authorizing via signed-in user (project.topdoma@gmail.com)
[info] 
     ######## #### ########  ######## ########     ###     ######  ########
     ##        ##  ##     ## ##       ##     ##  ##   ##  ##       ##
     ######    ##  ########  ######   ########  #########  ######  ######
     ##        ##  ##    ##  ##       ##     ## ##     ##       ## ##
     ##       #### ##     ## ######## ########  ##     ##  ######  ########

You're about to initialize a Firebase project in this directory:

  E:\Fullstack\Next\Projects\todo-firebase\todo-base

[info] 
=== Project Setup
[info] 
[info] First, let's associate this project directory with a Firebase project.
[info] You can create multiple project aliases by running firebase use --add, 
[info] but for now we'll just set up a default project.
[info] 
[debug] [2024-12-03T15:56:45.503Z] Checked if tokens are valid: false, expires at: 1687816947336
[debug] [2024-12-03T15:56:45.504Z] Checked if tokens are valid: false, expires at: 1687816947336
[debug] [2024-12-03T15:56:45.505Z] > refreshing access token with scopes: []
[debug] [2024-12-03T15:56:45.507Z] >>> [apiv2][query] POST https://www.googleapis.com/oauth2/v3/token [none]
[debug] [2024-12-03T15:56:45.507Z] >>> [apiv2][body] POST https://www.googleapis.com/oauth2/v3/token [omitted]
[debug] [2024-12-03T15:56:45.687Z] <<< [apiv2][status] POST https://www.googleapis.com/oauth2/v3/token 400
[debug] [2024-12-03T15:56:45.687Z] <<< [apiv2][body] POST https://www.googleapis.com/oauth2/v3/token [omitted]
[debug] [2024-12-03T15:56:45.688Z] >>> [apiv2][query] GET https://firebase.googleapis.com/v1beta1/projects pageSize=100
[debug] [2024-12-03T15:56:45.805Z] <<< [apiv2][status] GET https://firebase.googleapis.com/v1beta1/projects 401
[debug] [2024-12-03T15:56:45.806Z] <<< [apiv2][body] GET https://firebase.googleapis.com/v1beta1/projects [omitted]
[debug] [2024-12-03T15:56:45.806Z] Got a 401 Unauthenticated error for a call that required authentication. Refreshing tokens.
[debug] [2024-12-03T15:56:45.806Z] Checked if tokens are valid: false, expires at: 1687816947336
[debug] [2024-12-03T15:56:45.806Z] Checked if tokens are valid: false, expires at: 1687816947336
[debug] [2024-12-03T15:56:45.806Z] > refreshing access token with scopes: []
[debug] [2024-12-03T15:56:45.806Z] >>> [apiv2][query] POST https://www.googleapis.com/oauth2/v3/token [none]
[debug] [2024-12-03T15:56:45.807Z] >>> [apiv2][body] POST https://www.googleapis.com/oauth2/v3/token [omitted]
[debug] [2024-12-03T15:56:45.857Z] <<< [apiv2][status] POST https://www.googleapis.com/oauth2/v3/token 400
[debug] [2024-12-03T15:56:45.857Z] <<< [apiv2][body] POST https://www.googleapis.com/oauth2/v3/token [omitted]
[debug] [2024-12-03T15:56:45.858Z] Request to https://firebase.googleapis.com/v1beta1/projects?pageSize=100 had HTTP Error: 401, Request had invalid authentication credentials. Expected OAuth 2 access token, login cookie or other valid authentication credential. See https://developers.google.com/identity/sign-in/web/devconsole-project.
[debug] [2024-12-03T15:56:45.986Z] FirebaseError: Request to https://firebase.googleapis.com/v1beta1/projects?pageSize=100 had HTTP Error: 401, Request had invalid authentication credentials. Expected OAuth 2 access token, login cookie or other valid authentication credential. See https://developers.google.com/identity/sign-in/web/devconsole-project.
    at responseToError (C:\Users\INNA\AppData\Roaming\npm\node_modules\firebase-tools\lib\responseToError.js:52:12)
    at RetryOperation._fn (C:\Users\INNA\AppData\Roaming\npm\node_modules\firebase-tools\lib\apiv2.js:312:77)
    at process.processTicksAndRejections (node:internal/process/task_queues:95:5)
[error] 
[error] Error: Failed to list Firebase projects. See firebase-debug.log for more info.
